\BOOKMARK [0][-]{chapter.1}{\376\377\143\007\116\344\000:\213\241\173\227\147\072\166\204\213\355\212\000}{}% 1
\BOOKMARK [1][-]{section.1.1}{\376\377\137\025\212\000}{chapter.1}% 2
\BOOKMARK [1][-]{section.1.2}{\376\377\170\154\116\366\144\315\117\134}{chapter.1}% 3
\BOOKMARK [2][-]{subsection.1.2.1}{\376\377\000M\000I\000P\000S\154\107\177\026\143\007\116\344}{section.1.2}% 4
\BOOKMARK [2][-]{subsection.1.2.2}{\376\377\232\330\176\247\213\355\212\000\116\016\177\026\213\321\213\355\212\000\116\113\225\364\166\204\121\163\174\373}{section.1.2}% 5
\BOOKMARK [1][-]{section.1.3}{\376\377\000M\000I\000P\000S\133\304\133\130\126\150\123\312\136\070\165\050\143\007\116\344}{chapter.1}% 6
\BOOKMARK [2][-]{subsection.1.3.1}{\376\377\133\304\133\130\126\150}{section.1.3}% 7
\BOOKMARK [2][-]{subsection.1.3.2}{\376\377\136\070\211\301\143\007\116\344}{section.1.3}% 8
\BOOKMARK [1][-]{section.1.4}{\376\377\000M\000I\000P\000S\143\007\116\344\150\074\137\017}{chapter.1}% 9
\BOOKMARK [2][-]{subsection.1.4.1}{\376\377\000R\127\213\143\007\116\344}{section.1.4}% 10
\BOOKMARK [2][-]{subsection.1.4.2}{\376\377\000I\127\213\143\007\116\344}{section.1.4}% 11
\BOOKMARK [2][-]{subsection.1.4.3}{\376\377\000J\127\213\143\007\116\344}{section.1.4}% 12
\BOOKMARK [1][-]{section.1.5}{\376\377\000M\000I\000P\000S\220\073\217\221\144\315\117\134}{chapter.1}% 13
\BOOKMARK [2][-]{subsection.1.5.1}{\376\377\143\007\116\344}{section.1.5}% 14
\BOOKMARK [1][-]{section.1.6}{\376\377\000M\000I\000P\000S\121\263\173\126\143\007\116\344}{chapter.1}% 15
\BOOKMARK [2][-]{subsection.1.6.1}{\376\377\143\007\116\344}{section.1.6}% 16
\BOOKMARK [2][-]{subsection.1.6.2}{\376\377\147\141\116\366\122\006\145\057\116\343\170\001\217\154\000M\000I\000P\000S}{section.1.6}% 17
\BOOKMARK [2][-]{subsection.1.6.3}{\376\377\137\252\163\257\116\343\170\001\217\154\000M\000I\000P\000S}{section.1.6}% 18
\BOOKMARK [1][-]{section.1.7}{\376\377\000M\000I\000P\000S\121\375\145\160}{chapter.1}% 19
\BOOKMARK [2][-]{subsection.1.7.1}{\376\377\143\007\116\344}{section.1.7}% 20
\BOOKMARK [2][-]{subsection.1.7.2}{\376\377\150\010}{section.1.7}% 21
\BOOKMARK [2][-]{subsection.1.7.3}{\376\377\121\375\145\160\116\343\170\001\217\154\000M\000I\000P\000S}{section.1.7}% 22
\BOOKMARK [1][-]{section.1.8}{\376\377\000M\000I\000P\000S\135\114\131\127}{chapter.1}% 23
\BOOKMARK [2][-]{subsection.1.8.1}{\376\377\220\022\137\122\116\343\170\001\217\154\000M\000I\000P\000S}{section.1.8}% 24
\BOOKMARK [1][-]{section.1.9}{\376\377\133\373\127\100\145\271\137\017}{chapter.1}% 25
\BOOKMARK [0][-]{chapter.2}{\376\377\213\241\173\227\147\072\166\204\173\227\147\057\217\320\173\227}{}% 26
\BOOKMARK [1][-]{section.2.1}{\376\377\217\333\117\115\213\241\145\160\122\066}{chapter.2}% 27
\BOOKMARK [2][-]{subsection.2.1.1}{\376\377\217\333\117\115\213\241\145\160\154\325}{section.2.1}% 28
\BOOKMARK [2][-]{subsection.2.1.2}{\376\377\116\015\124\014\217\333\122\066\145\160\116\113\225\364\166\204\217\154\143\142}{section.2.1}% 29
\BOOKMARK [1][-]{section.2.2}{\376\377\133\232\160\271\145\160\166\204\210\150\171\072\124\214\217\320\173\227}{chapter.2}% 30
\BOOKMARK [2][-]{subsection.2.2.1}{\376\377\145\160\166\204\122\006\174\173}{section.2.2}% 31
\BOOKMARK [2][-]{subsection.2.2.2}{\376\377\167\037\120\074\124\214\147\072\126\150\145\160}{section.2.2}% 32
\BOOKMARK [2][-]{subsection.2.2.3}{\376\377\123\237\170\001}{section.2.2}% 33
\BOOKMARK [2][-]{subsection.2.2.4}{\376\377\123\315\170\001}{section.2.2}% 34
\BOOKMARK [2][-]{subsection.2.2.5}{\376\377\210\145\170\001}{section.2.2}% 35
